Arguments: 
  C:\Program Files\nodejs\node.exe C:\Users\Rafael\AppData\Roaming\npm\node_modules\yarn\bin\yarn.js add yarn add @angular/common/http

PATH: 
  C:\Windows\system32;C:\Windows;C:\Windows\System32\Wbem;C:\Windows\System32\WindowsPowerShell\v1.0\;C:\Windows\System32\OpenSSH\;C:\Program Files\nodejs\;C:\Program Files\Git\cmd;;C:\Program Files\Docker\Docker\resources\bin;C:\ProgramData\DockerDesktop\version-bin;C:\Users\Rafael\AppData\Local\Microsoft\WindowsApps;C:\Users\Rafael\AppData\Roaming\npm;C:\Users\Rafael\AppData\Local\Programs\Microsoft VS Code\bin;C:\Users\Rafael\Documents\php-7.4.10-nts-Win32-vc15-x64;C:\Users\Rafael;

Yarn version: 
  1.22.10

Node version: 
  12.18.1

Platform: 
  win32 x64

Trace: 
  Error: https://registry.yarnpkg.com/@angular%2fcommon/http: Request "https://registry.yarnpkg.com/@angular%2fcommon/http" returned a 405
      at Request.params.callback [as _callback] (C:\Users\Rafael\AppData\Roaming\npm\node_modules\yarn\lib\cli.js:66997:18)
      at Request.self.callback (C:\Users\Rafael\AppData\Roaming\npm\node_modules\yarn\lib\cli.js:140662:22)
      at Request.emit (events.js:315:20)
      at Request.<anonymous> (C:\Users\Rafael\AppData\Roaming\npm\node_modules\yarn\lib\cli.js:141634:10)
      at Request.emit (events.js:315:20)
      at IncomingMessage.<anonymous> (C:\Users\Rafael\AppData\Roaming\npm\node_modules\yarn\lib\cli.js:141556:12)
      at Object.onceWrapper (events.js:421:28)
      at IncomingMessage.emit (events.js:327:22)
      at endReadableNT (_stream_readable.js:1221:12)
      at processTicksAndRejections (internal/process/task_queues.js:84:21)

npm manifest: 
  {
    "name": "frontend",
    "version": "0.0.0",
    "scripts": {
      "ng": "ng",
      "start": "ng serve",
      "build": "ng build",
      "test": "ng test",
      "lint": "ng lint",
      "e2e": "ng e2e"
    },
    "private": true,
    "dependencies": {
      "@angular/animations": "~10.0.4",
      "@angular/common": "~10.0.4",
      "@angular/compiler": "~10.0.4",
      "@angular/core": "~10.0.4",
      "@angular/forms": "~10.0.4",
      "@angular/platform-browser": "~10.0.4",
      "@angular/platform-browser-dynamic": "~10.0.4",
      "@angular/router": "~10.0.4",
      "rxjs": "~6.5.5",
      "tslib": "^2.0.0",
      "zone.js": "~0.10.3"
    },
    "devDependencies": {
      "@angular-devkit/build-angular": "~0.1000.3",
      "@angular/cli": "~10.0.3",
      "@angular/compiler-cli": "~10.0.4",
      "@types/node": "^12.11.1",
      "@types/jasmine": "~3.5.0",
      "@types/jasminewd2": "~2.0.3",
      "codelyzer": "^6.0.0",
      "jasmine-core": "~3.5.0",
      "jasmine-spec-reporter": "~5.0.0",
      "karma": "~5.0.0",
      "karma-chrome-launcher": "~3.1.0",
      "karma-coverage-istanbul-reporter": "~3.0.2",
      "karma-jasmine": "~3.3.0",
      "karma-jasmine-html-reporter": "^1.5.0",
      "protractor": "~7.0.0",
      "ts-node": "~8.3.0",
      "tslint": "~6.1.0",
      "typescript": "~3.9.5"
    }
  }

yarn manifest: 
  No manifest

Lockfile: 
  No lockfile
